<?xml version="1.0" encoding="UTF-8"?>
<!-- Generated by org.testng.reporters.JUnitReportReporter -->
<testsuite skipped="0" hostname="DESKTOP-EL58I09" name="test.LoginMyStoreTest" tests="1" failures="0" timestamp="27 oct 2018 17:03:18 GMT" time="16.883" errors="0">
  <testcase name="hacerLogin" time="16.883" classname="test.LoginMyStoreTest"/>
</testsuite> <!-- test.LoginMyStoreTest -->
